<?xml version="1.0" encoding="UTF-8"?>
<!-- Generated by org.testng.reporters.JUnitReportReporter -->
<testsuite hostname="DESKTOP-4035PI9" failures="0" tests="1" name="JS_Alerts" time="1.938" errors="0" timestamp="2021-02-17T16:23:36 EET" skipped="0">
  <testcase classname="JS_Alerts" name="webDriver" time="1.938"/>
  <system-out/>
</testsuite> <!-- JS_Alerts -->
